
> food-business@0.1.0 dev
> next dev --turbo --port 3000

▲ Next.js 16.1.7 (Turbopack)
- Local:         http://localhost:3000
- Network:       http://192.168.1.2:3000
- Environments: .env

✓ Starting...
Creating turbopack project { dir: 'C:\\Users\\Coding\\Cravings-ko', testMode: true }
✓ Ready in 1502ms
 GET /uploads/1774452607545-1000015717.jpg 404 in 391ms (compile: 139ms, render: 252ms)
 GET / 200 in 2.5s (compile: 437ms, render: 2.0s)
 GET /contact 200 in 119ms (compile: 67ms, render: 52ms)
 GET /about 200 in 85ms (compile: 50ms, render: 35ms)
 GET /order-tracker 200 in 114ms (compile: 72ms, render: 42ms)
 GET /about 200 in 38ms (compile: 6ms, render: 32ms)
 GET /api/orders/cmn4kdb4q0004ebg0jtpa2llw 200 in 2.1s (compile: 1070ms, render: 1041ms)
 GET /api/orders/cmn4kdb4q0004ebg0jtpa2llw 200 in 131ms (compile: 12ms, render: 119ms)
 GET /menu 200 in 449ms (compile: 43ms, render: 405ms)
 GET /uploads/1774452607545-1000015717.jpg 404 in 165ms (compile: 29ms, render: 136ms)
 GET /uploads/1774456361277-1000015717.webp 404 in 163ms (compile: 81ms, render: 82ms)
 GET /menu/cmmvx6lje0002dld5d3nvj0d0 200 in 2.3s (compile: 2.2s, render: 191ms)
 GET /uploads/1774452607545-1000015717.jpg 404 in 111ms (compile: 19ms, render: 92ms)
 GET /menu 200 in 397ms (compile: 7ms, render: 390ms)
 GET /uploads/1774452607545-1000015717.jpg 404 in 151ms (compile: 25ms, render: 125ms)
 GET /uploads/1774456361277-1000015717.webp 404 in 147ms (compile: 74ms, render: 72ms)
 GET /admin/login 200 in 124ms (compile: 52ms, proxy.ts: 5ms, render: 67ms)
 GET / 200 in 387ms (compile: 5ms, render: 382ms)
 GET /uploads/1774452607545-1000015717.jpg 404 in 71ms (compile: 11ms, render: 60ms)
 GET /uploads/1774452607545-1000015717.jpg 404 in 65ms (compile: 14ms, render: 51ms)
 GET / 200 in 633ms (compile: 5ms, render: 628ms)
 GET /menu 200 in 775ms (compile: 6ms, render: 769ms)
 GET /uploads/1774456361277-1000015717.webp 404 in 72ms (compile: 16ms, render: 56ms)
✓ Compiled in 565ms
 GET /menu 200 in 3.6s (compile: 4ms, render: 3.6s)
 GET /menu 200 in 3.8s (compile: 10ms, render: 3.8s)
 GET /menu 200 in 3.8s (compile: 7ms, render: 3.8s)
 GET /menu 200 in 3.7s (compile: 5ms, render: 3.7s)
 GET /menu 200 in 4.6s (compile: 415ms, render: 4.2s)
 GET /menu 200 in 374ms (compile: 4ms, render: 370ms)
 GET /menu 200 in 3.9s (compile: 8ms, render: 3.9s)
 GET /menu 200 in 374ms (compile: 6ms, render: 368ms)
 GET /menu 200 in 367ms (compile: 5ms, render: 362ms)
 GET / 200 in 379ms (compile: 109ms, render: 270ms)
 GET /menu 200 in 1248ms (compile: 7ms, render: 1241ms)
 GET /uploads/1774456361277-1000015717.webp 404 in 336ms (compile: 180ms, render: 156ms)
 GET / 200 in 4.7s (compile: 61ms, render: 4.7s)
○ Compiling /checkout ...
 GET /checkout 200 in 3.3s (compile: 3.3s, render: 25ms)
 POST /api/orders 201 in 801ms (compile: 433ms, render: 368ms)
 GET /order-tracker/cmn70mxmi0002ecl4vhkfezna 200 in 1429ms (compile: 1396ms, render: 33ms)
 GET /api/orders/cmn70mxmi0002ecl4vhkfezna 200 in 172ms (compile: 23ms, render: 149ms)
 GET /api/orders/cmn70mxmi0002ecl4vhkfezna 200 in 127ms (compile: 7ms, render: 121ms)
 GET /api/orders/cmn70mxmi0002ecl4vhkfezna 200 in 218ms (compile: 12ms, render: 206ms)
 GET /api/orders/cmn70mxmi0002ecl4vhkfezna 200 in 219ms (compile: 12ms, render: 207ms)
 GET /api/orders/cmn70mxmi0002ecl4vhkfezna 200 in 456ms (compile: 14ms, render: 442ms)
 GET /api/orders/cmn70mxmi0002ecl4vhkfezna 200 in 212ms (compile: 11ms, render: 201ms)
 GET /api/orders/cmn70mxmi0002ecl4vhkfezna 200 in 214ms (compile: 10ms, render: 205ms)
 GET /api/orders/cmn70mxmi0002ecl4vhkfezna 200 in 286ms (compile: 15ms, render: 271ms)
 GET /api/orders/cmn70mxmi0002ecl4vhkfezna 200 in 208ms (compile: 9ms, render: 199ms)
 GET /api/orders/cmn70mxmi0002ecl4vhkfezna 200 in 219ms (compile: 13ms, render: 206ms)
 GET /api/orders/cmn70mxmi0002ecl4vhkfezna 200 in 371ms (compile: 14ms, render: 357ms)
 GET /api/orders/cmn70mxmi0002ecl4vhkfezna 200 in 215ms (compile: 16ms, render: 199ms)
 GET /api/orders/cmn70mxmi0002ecl4vhkfezna 200 in 215ms (compile: 9ms, render: 206ms)
 GET /api/orders/cmn70mxmi0002ecl4vhkfezna 200 in 212ms (compile: 14ms, render: 198ms)
 GET /api/orders/cmn70mxmi0002ecl4vhkfezna 200 in 236ms (compile: 15ms, render: 222ms)
 GET /api/orders/cmn70mxmi0002ecl4vhkfezna 200 in 212ms (compile: 11ms, render: 202ms)
 GET /api/orders/cmn70mxmi0002ecl4vhkfezna 200 in 867ms (compile: 11ms, render: 856ms)
 GET /api/orders/cmn70mxmi0002ecl4vhkfezna 200 in 228ms (compile: 10ms, render: 218ms)
 GET /api/orders/cmn70mxmi0002ecl4vhkfezna 200 in 205ms (compile: 12ms, render: 193ms)
 GET /api/orders/cmn70mxmi0002ecl4vhkfezna 200 in 199ms (compile: 10ms, render: 189ms)
 GET /api/orders/cmn70mxmi0002ecl4vhkfezna 200 in 221ms (compile: 10ms, render: 211ms)
 GET /api/orders/cmn70mxmi0002ecl4vhkfezna 200 in 572ms (compile: 27ms, render: 545ms)
 GET /api/orders/cmn70mxmi0002ecl4vhkfezna 200 in 397ms (compile: 23ms, render: 374ms)
 GET /api/orders/cmn70mxmi0002ecl4vhkfezna 200 in 222ms (compile: 10ms, render: 212ms)
 GET /api/orders/cmn70mxmi0002ecl4vhkfezna 200 in 207ms (compile: 10ms, render: 196ms)
 GET /api/orders/cmn70mxmi0002ecl4vhkfezna 200 in 273ms (compile: 12ms, render: 261ms)
 GET /api/orders/cmn70mxmi0002ecl4vhkfezna 200 in 212ms (compile: 11ms, render: 201ms)
 GET /api/orders/cmn70mxmi0002ecl4vhkfezna 200 in 217ms (compile: 11ms, render: 206ms)
 GET /api/orders/cmn70mxmi0002ecl4vhkfezna 200 in 833ms (compile: 8ms, render: 826ms)
 GET /api/orders/cmn70mxmi0002ecl4vhkfezna 200 in 769ms (compile: 17ms, render: 753ms)
 GET /api/orders/cmn70mxmi0002ecl4vhkfezna 200 in 203ms (compile: 12ms, render: 191ms)
 GET /api/orders/cmn70mxmi0002ecl4vhkfezna 200 in 203ms (compile: 9ms, render: 193ms)
 GET /api/orders/cmn70mxmi0002ecl4vhkfezna 200 in 209ms (compile: 9ms, render: 200ms)
 GET /api/orders/cmn70mxmi0002ecl4vhkfezna 200 in 218ms (compile: 20ms, render: 197ms)
 GET /api/orders/cmn70mxmi0002ecl4vhkfezna 200 in 232ms (compile: 21ms, render: 210ms)
 GET /api/orders/cmn70mxmi0002ecl4vhkfezna 200 in 375ms (compile: 13ms, render: 362ms)
 GET /api/orders/cmn70mxmi0002ecl4vhkfezna 200 in 214ms (compile: 12ms, render: 202ms)
 GET /api/orders/cmn70mxmi0002ecl4vhkfezna 200 in 201ms (compile: 15ms, render: 186ms)
 GET /api/orders/cmn70mxmi0002ecl4vhkfezna 200 in 221ms (compile: 19ms, render: 202ms)
 GET /api/orders/cmn70mxmi0002ecl4vhkfezna 200 in 283ms (compile: 11ms, render: 272ms)
 GET /api/orders/cmn70mxmi0002ecl4vhkfezna 200 in 1412ms (compile: 195ms, render: 1217ms)
 GET / 200 in 490ms (compile: 39ms, render: 450ms)
 GET / 200 in 938ms (compile: 322ms, render: 616ms)
 GET /about 200 in 270ms (compile: 221ms, render: 48ms)
✓ Compiled in 54ms
 GET /about 200 in 121ms (compile: 11ms, render: 110ms)
 GET / 200 in 1086ms (compile: 251ms, render: 835ms)
 GET /menu 200 in 498ms (compile: 17ms, render: 480ms)
 GET /menu 200 in 447ms (compile: 7ms, render: 440ms)
 GET /admin/login 200 in 528ms (compile: 301ms, proxy.ts: 6ms, render: 222ms)
 GET / 200 in 399ms (compile: 5ms, render: 393ms)
 GET / 200 in 700ms (compile: 4ms, render: 696ms)
 GET / 200 in 975ms (compile: 144ms, render: 831ms)
✓ Compiled in 117ms
✓ Compiled in 85ms
✓ Compiled in 48ms
✓ Compiled in 42ms
✓ Compiled in 35ms
✓ Compiled in 43ms
✓ Compiled in 27ms
✓ Compiled in 34ms
✓ Compiled in 34ms
 GET /about 200 in 51ms (compile: 7ms, render: 44ms)
 GET /about 200 in 41ms (compile: 5ms, render: 36ms)
 GET /about 200 in 297ms (compile: 140ms, render: 157ms)
 GET /about 200 in 64ms (compile: 7ms, render: 57ms)
✓ Compiled in 97ms
 GET /about 200 in 560ms (compile: 270ms, render: 290ms)
 GET /about 200 in 80ms (compile: 8ms, render: 73ms)
 GET /about 200 in 365ms (compile: 172ms, render: 192ms)
 GET /about 200 in 84ms (compile: 8ms, render: 76ms)
 GET /about 200 in 209ms (compile: 91ms, render: 118ms)
 GET /about 200 in 64ms (compile: 9ms, render: 55ms)
 GET /about 200 in 157ms (compile: 36ms, render: 121ms)
 GET /about 200 in 48ms (compile: 7ms, render: 41ms)
✓ Compiled in 38ms
 GET /about 200 in 315ms (compile: 230ms, render: 85ms)
 GET /about 200 in 57ms (compile: 9ms, render: 49ms)
 GET /about 200 in 265ms (compile: 116ms, render: 150ms)
 GET /about 200 in 97ms (compile: 4ms, render: 93ms)
 GET /about 200 in 227ms (compile: 119ms, render: 108ms)
 GET /about 200 in 43ms (compile: 4ms, render: 39ms)
 GET /about 200 in 264ms (compile: 109ms, render: 154ms)
 GET /about 200 in 68ms (compile: 6ms, render: 62ms)
 GET /about 200 in 222ms (compile: 77ms, render: 144ms)
 GET /about 200 in 100ms (compile: 7ms, render: 93ms)
 GET /about 200 in 198ms (compile: 94ms, render: 104ms)
 GET /about 200 in 47ms (compile: 4ms, render: 44ms)
 GET /about 200 in 180ms (compile: 85ms, render: 95ms)
 GET /about 200 in 38ms (compile: 3ms, render: 34ms)
 GET /about 200 in 202ms (compile: 102ms, render: 101ms)
 GET /about 200 in 42ms (compile: 6ms, render: 35ms)
 GET /about 200 in 206ms (compile: 100ms, render: 106ms)
 GET /about 200 in 46ms (compile: 7ms, render: 38ms)
 GET /about 200 in 348ms (compile: 137ms, render: 211ms)
 GET /about 200 in 138ms (compile: 17ms, render: 121ms)
 GET /about 200 in 219ms (compile: 107ms, render: 112ms)
 GET /about 200 in 47ms (compile: 5ms, render: 42ms)
 GET /about 200 in 203ms (compile: 89ms, render: 115ms)
 GET /about 200 in 61ms (compile: 5ms, render: 56ms)
 GET /about 200 in 183ms (compile: 107ms, render: 76ms)
 GET /about 200 in 37ms (compile: 3ms, render: 33ms)
 GET /about 200 in 262ms (compile: 161ms, render: 101ms)
 GET /about 200 in 262ms (compile: 217ms, render: 45ms)
 GET /about 200 in 196ms (compile: 99ms, render: 97ms)
 GET /about 200 in 42ms (compile: 4ms, render: 38ms)
 GET /about 200 in 231ms (compile: 114ms, render: 117ms)
 GET /about 200 in 43ms (compile: 4ms, render: 39ms)
 GET /about 200 in 188ms (compile: 96ms, render: 92ms)
 GET /about 200 in 37ms (compile: 4ms, render: 33ms)
 GET /about 200 in 225ms (compile: 132ms, render: 94ms)
 GET /about 200 in 35ms (compile: 4ms, render: 32ms)
 GET /about 200 in 193ms (compile: 89ms, render: 104ms)
 GET /about 200 in 56ms (compile: 7ms, render: 50ms)
 GET /about 200 in 208ms (compile: 89ms, render: 118ms)
 GET /about 200 in 69ms (compile: 5ms, render: 64ms)
 GET /about 200 in 239ms (compile: 121ms, render: 118ms)
 GET /about 200 in 66ms (compile: 6ms, render: 60ms)
 GET /about 200 in 183ms (compile: 90ms, render: 93ms)
 GET /about 200 in 36ms (compile: 3ms, render: 33ms)
✓ Compiled in 16ms
 GET /about 200 in 190ms (compile: 88ms, render: 102ms)
 GET /about 200 in 39ms (compile: 4ms, render: 35ms)
 GET /about 200 in 170ms (compile: 85ms, render: 85ms)
 GET /about 200 in 34ms (compile: 3ms, render: 30ms)
 GET /about 200 in 225ms (compile: 106ms, render: 118ms)
 GET /about 200 in 63ms (compile: 4ms, render: 59ms)
 GET /about 200 in 139ms (compile: 90ms, render: 49ms)
 GET /about 200 in 33ms (compile: 5ms, render: 29ms)
 GET /about 200 in 195ms (compile: 99ms, render: 96ms)
 GET /about 200 in 42ms (compile: 5ms, render: 37ms)
 GET /about 200 in 190ms (compile: 104ms, render: 86ms)
 GET /about 200 in 41ms (compile: 3ms, render: 37ms)
 GET /about 200 in 241ms (compile: 120ms, render: 121ms)
 GET /about 200 in 69ms (compile: 4ms, render: 65ms)
 GET /about 200 in 230ms (compile: 139ms, render: 91ms)
 GET /about 200 in 39ms (compile: 4ms, render: 35ms)
 GET /about 200 in 188ms (compile: 106ms, render: 82ms)
 GET /about 200 in 37ms (compile: 3ms, render: 34ms)
 GET /about 200 in 266ms (compile: 119ms, render: 147ms)
 GET /about 200 in 77ms (compile: 6ms, render: 72ms)
 GET /about 200 in 213ms (compile: 129ms, render: 83ms)
 GET /about 200 in 37ms (compile: 4ms, render: 32ms)
 GET /about 200 in 230ms (compile: 134ms, render: 96ms)
 GET /about 200 in 44ms (compile: 5ms, render: 39ms)
 GET /about 200 in 221ms (compile: 129ms, render: 93ms)
 GET /about 200 in 47ms (compile: 5ms, render: 42ms)
 GET /about 200 in 238ms (compile: 137ms, render: 101ms)
 GET /about 200 in 40ms (compile: 4ms, render: 36ms)
 GET /about 200 in 225ms (compile: 127ms, render: 98ms)
 GET /about 200 in 40ms (compile: 5ms, render: 35ms)
 GET /about 200 in 239ms (compile: 132ms, render: 106ms)
 GET /about 200 in 52ms (compile: 4ms, render: 48ms)
 GET /about 200 in 214ms (compile: 114ms, render: 100ms)
 GET /about 200 in 43ms (compile: 5ms, render: 38ms)
 GET /about 200 in 246ms (compile: 125ms, render: 121ms)
 GET /about 200 in 65ms (compile: 5ms, render: 60ms)
 GET /about 200 in 223ms (compile: 130ms, render: 93ms)
 GET /about 200 in 47ms (compile: 4ms, render: 43ms)
 GET /about 200 in 278ms (compile: 147ms, render: 131ms)
 GET /about 200 in 64ms (compile: 6ms, render: 59ms)
 GET /about 200 in 226ms (compile: 120ms, render: 105ms)
 GET /about 200 in 46ms (compile: 4ms, render: 41ms)
 GET /about 200 in 309ms (compile: 141ms, render: 168ms)
 GET /about 200 in 74ms (compile: 4ms, render: 70ms)
 GET /about 200 in 221ms (compile: 119ms, render: 102ms)
 GET /about 200 in 43ms (compile: 4ms, render: 39ms)
✓ Compiled in 18ms
 GET /about 200 in 338ms (compile: 274ms, render: 63ms)
 GET /about 200 in 54ms (compile: 6ms, render: 48ms)
✓ Compiled in 183ms
✓ Compiled in 29ms
 GET /about 200 in 713ms (compile: 317ms, render: 396ms)
 GET /about 200 in 223ms (compile: 15ms, render: 208ms)
 GET /about 200 in 201ms (compile: 117ms, render: 85ms)
 GET /about 200 in 35ms (compile: 4ms, render: 32ms)
 GET /about 200 in 267ms (compile: 151ms, render: 116ms)
 GET /about 200 in 55ms (compile: 5ms, render: 50ms)
 GET /about 200 in 292ms (compile: 192ms, render: 100ms)
 GET /about 200 in 40ms (compile: 5ms, render: 35ms)
 GET /about 200 in 252ms (compile: 138ms, render: 114ms)
 GET /about 200 in 49ms (compile: 4ms, render: 45ms)
 GET /about 200 in 205ms (compile: 123ms, render: 82ms)
 GET /about 200 in 39ms (compile: 5ms, render: 34ms)
 GET /about 200 in 275ms (compile: 167ms, render: 108ms)
 GET /about 200 in 61ms (compile: 4ms, render: 57ms)
 GET /about 200 in 237ms (compile: 142ms, render: 96ms)
 GET /about 200 in 43ms (compile: 5ms, render: 38ms)
 GET /about 200 in 251ms (compile: 144ms, render: 107ms)
 GET /about 200 in 41ms (compile: 4ms, render: 37ms)
 GET /about 200 in 245ms (compile: 123ms, render: 123ms)
 GET /about 200 in 49ms (compile: 7ms, render: 42ms)
 GET /about 200 in 231ms (compile: 136ms, render: 96ms)
 GET /about 200 in 49ms (compile: 4ms, render: 45ms)
✓ Compiled in 27ms
✓ Compiled in 18ms
✓ Compiled in 25ms
✓ Compiled in 20ms
✓ Compiled in 26ms
✓ Compiled in 28ms
✓ Compiled in 36ms
✓ Compiled in 54ms
✓ Compiled in 17ms
✓ Compiled in 25ms
 GET /menu 200 in 4.5s (compile: 154ms, render: 4.3s)
 GET /menu 200 in 3.7s (compile: 5ms, render: 3.7s)
 GET /menu 200 in 3.5s (compile: 4ms, render: 3.5s)
 GET /menu 200 in 3.8s (compile: 5ms, render: 3.8s)
 GET /menu 200 in 3.5s (compile: 4ms, render: 3.5s)
 GET /menu 200 in 3.6s (compile: 19ms, render: 3.6s)
 GET /menu 200 in 607ms (compile: 4ms, render: 603ms)
 GET /menu 200 in 260ms (compile: 7ms, render: 253ms)
 GET /menu 200 in 680ms (compile: 3ms, render: 676ms)
 GET /menu 200 in 478ms (compile: 5ms, render: 473ms)
 GET /menu 200 in 635ms (compile: 10ms, render: 625ms)
 GET /menu 200 in 430ms (compile: 4ms, render: 426ms)
 GET /menu 200 in 118ms (compile: 3ms, render: 115ms)
 GET /menu 200 in 82ms (compile: 4ms, render: 78ms)
 GET /menu 200 in 1341ms (compile: 5ms, render: 1336ms)
 GET /menu 200 in 2.1s (compile: 3ms, render: 2.1s)
 GET /menu 200 in 2.0s (compile: 9ms, render: 2.0s)
 GET /menu 200 in 1669ms (compile: 48ms, render: 1621ms)
 GET /menu 200 in 1335ms (compile: 29ms, render: 1306ms)
 GET /menu 200 in 42ms (compile: 6ms, render: 35ms)
 GET /menu 200 in 814ms (compile: 639ms, render: 175ms)
 GET /menu 200 in 47ms (compile: 3ms, render: 44ms)
 GET /admin/login 200 in 927ms (compile: 669ms, proxy.ts: 68ms, render: 190ms)
 POST /api/admin/auth 401 in 1807ms (compile: 1693ms, render: 114ms)
 POST /api/admin/auth 401 in 59ms (compile: 32ms, render: 27ms)
 POST /api/admin/auth 401 in 9ms (compile: 3ms, render: 6ms)
 POST /api/admin/auth 401 in 12ms (compile: 5ms, render: 7ms)
 POST /api/admin/auth 401 in 8ms (compile: 3ms, render: 5ms)
 POST /api/admin/auth 401 in 11ms (compile: 4ms, render: 7ms)
 POST /api/admin/auth 401 in 8ms (compile: 3ms, render: 5ms)
 POST /api/admin/auth 401 in 9ms (compile: 3ms, render: 5ms)
 POST /api/admin/auth 401 in 9ms (compile: 3ms, render: 6ms)
 POST /api/admin/auth 401 in 9ms (compile: 4ms, render: 5ms)
 POST /api/admin/auth 401 in 8ms (compile: 3ms, render: 5ms)
 POST /api/admin/auth 401 in 14ms (compile: 4ms, render: 9ms)
 POST /api/admin/auth 401 in 9ms (compile: 4ms, render: 5ms)
 POST /api/admin/auth 401 in 9ms (compile: 3ms, render: 6ms)
 POST /api/admin/auth 401 in 19ms (compile: 4ms, render: 15ms)
 POST /api/admin/auth 401 in 9ms (compile: 3ms, render: 5ms)
 POST /api/admin/auth 401 in 8ms (compile: 3ms, render: 5ms)
 POST /api/admin/auth 401 in 9ms (compile: 3ms, render: 6ms)
 POST /api/admin/auth 401 in 10ms (compile: 3ms, render: 6ms)
 POST /api/admin/auth 401 in 10ms (compile: 4ms, render: 7ms)
 GET /admin/login 200 in 98ms (compile: 9ms, proxy.ts: 7ms, render: 81ms)
 POST /api/admin/auth 401 in 11ms (compile: 5ms, render: 6ms)
 POST /api/admin/auth 401 in 8ms (compile: 3ms, render: 5ms)
 POST /api/admin/auth 401 in 9ms (compile: 3ms, render: 5ms)
 POST /api/admin/auth 401 in 10ms (compile: 3ms, render: 7ms)
 POST /api/admin/auth 401 in 8ms (compile: 3ms, render: 5ms)
 POST /api/admin/auth 401 in 8ms (compile: 3ms, render: 5ms)
 POST /api/admin/auth 401 in 8ms (compile: 3ms, render: 5ms)
 POST /api/admin/auth 401 in 9ms (compile: 4ms, render: 5ms)
 POST /api/admin/auth 401 in 9ms (compile: 4ms, render: 5ms)
  Reload env: .env
 GET /admin/login 200 in 653ms (compile: 547ms, proxy.ts: 54ms, render: 51ms)
 GET /admin/login 200 in 67ms (compile: 8ms, proxy.ts: 7ms, render: 53ms)
 GET /admin/login 200 in 220ms (compile: 6ms, proxy.ts: 4ms, render: 210ms)
 POST /api/admin/auth 200 in 67ms (compile: 52ms, render: 15ms)
○ Compiling /admin/dashboard ...
 GET /admin/dashboard 200 in 3.1s (compile: 3.1s, proxy.ts: 4ms, render: 23ms)
 GET /api/orders 200 in 896ms (compile: 169ms, render: 727ms)
 GET /api/orders 200 in 208ms (compile: 3ms, render: 206ms)
 GET /api/orders 200 in 310ms (compile: 4ms, render: 306ms)
 GET /api/orders 200 in 322ms (compile: 3ms, render: 319ms)
 GET /api/orders 200 in 315ms (compile: 3ms, render: 311ms)
✓ Compiled in 207ms
 GET /api/orders 200 in 335ms (compile: 3ms, render: 331ms)
 GET /admin/login 200 in 182ms (compile: 138ms, proxy.ts: 6ms, render: 38ms)
 POST /api/admin/auth 401 in 14ms (compile: 4ms, render: 11ms)
 POST /api/admin/auth 401 in 12ms (compile: 3ms, render: 9ms)
 POST /api/admin/auth 200 in 11ms (compile: 3ms, render: 8ms)
 GET /admin/dashboard 200 in 291ms (compile: 41ms, proxy.ts: 32ms, render: 218ms)
 GET /api/orders 200 in 467ms (compile: 21ms, render: 445ms)
 GET /api/orders 200 in 203ms (compile: 3ms, render: 200ms)
 GET /api/orders 200 in 602ms (compile: 7ms, render: 595ms)
 GET /api/orders 200 in 333ms (compile: 4ms, render: 328ms)
 GET /api/orders 200 in 374ms (compile: 3ms, render: 371ms)
✓ Compiled in 160ms
 GET /admin/login 200 in 194ms (compile: 152ms, proxy.ts: 5ms, render: 37ms)
 POST /api/admin/auth 401 in 8ms (compile: 3ms, render: 5ms)
 GET /order-tracker 200 in 220ms (compile: 188ms, render: 32ms)
 GET /order-tracker 200 in 161ms (compile: 4ms, render: 157ms)
 GET /order-tracker 200 in 66ms (compile: 6ms, render: 60ms)
 GET /menu 200 in 922ms (compile: 27ms, render: 894ms)
 GET /uploads/1774456361277-1000015717.webp 404 in 296ms (compile: 126ms, render: 170ms)
 GET /checkout 200 in 54ms (compile: 31ms, render: 23ms)
 POST /api/orders 201 in 279ms (compile: 4ms, render: 275ms)
 GET /order-tracker/cmn748tr10000eah03tuwahgv 200 in 69ms (compile: 39ms, render: 30ms)
 GET /api/orders/cmn748tr10000eah03tuwahgv 200 in 211ms (compile: 64ms, render: 147ms)
 GET /api/orders/cmn748tr10000eah03tuwahgv 200 in 119ms (compile: 4ms, render: 115ms)
 GET / 200 in 321ms (compile: 38ms, render: 284ms)
 GET /order-tracker 200 in 38ms (compile: 10ms, render: 28ms)
 GET /api/orders/cmn748tr10000eah03tuwahgv 200 in 134ms (compile: 10ms, render: 124ms)
 GET /api/orders/cmn748tr10000eah03tuwahgv 200 in 128ms (compile: 3ms, render: 125ms)
 GET /order-tracker/cmn748tr10000eah03tuwahgv 200 in 36ms (compile: 15ms, render: 21ms)
 GET /api/orders/cmn748tr10000eah03tuwahgv 200 in 164ms (compile: 10ms, render: 154ms)
 GET /api/orders/cmn748tr10000eah03tuwahgv 200 in 116ms (compile: 4ms, render: 112ms)
 GET /api/orders/cmn748tr10000eah03tuwahgv 200 in 202ms (compile: 10ms, render: 192ms)
 GET /api/orders/cmn748tr10000eah03tuwahgv 200 in 151ms (compile: 15ms, render: 136ms)
 GET /api/orders/cmn748tr10000eah03tuwahgv 200 in 541ms (compile: 11ms, render: 530ms)
 GET /api/orders/cmn748tr10000eah03tuwahgv 200 in 312ms (compile: 9ms, render: 303ms)
 GET /api/orders/cmn748tr10000eah03tuwahgv 200 in 210ms (compile: 9ms, render: 202ms)
 GET /api/orders/cmn748tr10000eah03tuwahgv 200 in 278ms (compile: 9ms, render: 269ms)
 GET /about 200 in 147ms (compile: 115ms, render: 32ms)
 GET / 200 in 617ms (compile: 6ms, render: 611ms)
✓ Compiled in 74ms
 GET / 200 in 743ms (compile: 287ms, render: 455ms)
 GET / 200 in 521ms (compile: 4ms, render: 517ms)
 GET / 200 in 438ms (compile: 6ms, render: 432ms)
 GET / 200 in 480ms (compile: 3ms, render: 477ms)
 GET / 200 in 398ms (compile: 3ms, render: 395ms)
 GET / 200 in 350ms (compile: 7ms, render: 342ms)
 GET / 200 in 120ms (compile: 13ms, render: 107ms)
 GET / 200 in 163ms (compile: 3ms, render: 160ms)
 GET / 200 in 126ms (compile: 4ms, render: 123ms)
 GET / 200 in 83ms (compile: 4ms, render: 78ms)
 GET / 200 in 47ms (compile: 3ms, render: 44ms)
 GET /admin/login 200 in 498ms (compile: 205ms, proxy.ts: 10ms, render: 282ms)
 GET /admin/login 200 in 202ms (compile: 7ms, proxy.ts: 6ms, render: 190ms)
 GET /admin/login 200 in 744ms (compile: 10ms, proxy.ts: 9ms, render: 725ms)
 GET /admin/login 200 in 769ms (compile: 8ms, proxy.ts: 6ms, render: 755ms)
 GET /admin/login 200 in 841ms (compile: 43ms, proxy.ts: 13ms, render: 785ms)
 GET /admin/login 200 in 269ms (compile: 9ms, proxy.ts: 8ms, render: 252ms)
 GET /admin/login 200 in 248ms (compile: 18ms, proxy.ts: 9ms, render: 221ms)
 GET /admin/login 200 in 222ms (compile: 12ms, proxy.ts: 6ms, render: 204ms)
 GET /admin/login 200 in 170ms (compile: 10ms, proxy.ts: 12ms, render: 148ms)
 GET /admin/login 200 in 114ms (compile: 10ms, proxy.ts: 6ms, render: 98ms)
 GET /admin/login 200 in 69ms (compile: 12ms, proxy.ts: 5ms, render: 52ms)
✓ Compiled in 490ms
 GET /admin/login 200 in 945ms (compile: 603ms, proxy.ts: 7ms, render: 336ms)
 GET /admin/login 200 in 365ms (compile: 46ms, proxy.ts: 11ms, render: 308ms)
 GET /admin/login 200 in 318ms (compile: 43ms, proxy.ts: 4ms, render: 271ms)
 GET / 200 in 1115ms (compile: 436ms, render: 679ms)
 GET /admin/login 200 in 288ms (compile: 9ms, proxy.ts: 54ms, render: 225ms)
 GET / 200 in 440ms (compile: 7ms, render: 434ms)
 GET /admin/login 200 in 202ms (compile: 19ms, proxy.ts: 5ms, render: 178ms)
 GET / 200 in 441ms (compile: 5ms, render: 436ms)
 GET /admin/login 200 in 303ms (compile: 8ms, proxy.ts: 5ms, render: 290ms)
 GET / 200 in 516ms (compile: 13ms, render: 503ms)
 GET /admin/login 200 in 340ms (compile: 8ms, proxy.ts: 4ms, render: 327ms)
 GET / 200 in 516ms (compile: 29ms, render: 487ms)
 GET /admin/login 200 in 369ms (compile: 11ms, proxy.ts: 5ms, render: 353ms)
 GET / 200 in 507ms (compile: 27ms, render: 480ms)
 GET /admin/login 200 in 372ms (compile: 106ms, proxy.ts: 4ms, render: 262ms)
 GET /admin/login 200 in 244ms (compile: 53ms, proxy.ts: 5ms, render: 185ms)
 GET /admin/login 200 in 168ms (compile: 11ms, proxy.ts: 38ms, render: 119ms)
 GET / 200 in 379ms (compile: 5ms, render: 374ms)
 GET / 200 in 252ms (compile: 7ms, render: 245ms)
 GET / 200 in 177ms (compile: 6ms, render: 171ms)
 GET / 200 in 133ms (compile: 27ms, render: 106ms)
 GET / 200 in 61ms (compile: 4ms, render: 57ms)
 GET /menu 200 in 1086ms (compile: 122ms, render: 964ms)
 GET /uploads/1774456361277-1000015717.webp 404 in 351ms (compile: 130ms, render: 222ms)
 GET /contact 200 in 170ms (compile: 129ms, render: 41ms)
 GET / 200 in 526ms (compile: 5ms, render: 521ms)
 GET /admin/login 200 in 848ms (compile: 265ms, proxy.ts: 12ms, render: 572ms)
 GET /admin/login 200 in 623ms (compile: 205ms, proxy.ts: 7ms, render: 411ms)
 GET /admin/login 200 in 470ms (compile: 44ms, proxy.ts: 4ms, render: 422ms)
 GET /admin/login 200 in 453ms (compile: 103ms, proxy.ts: 5ms, render: 345ms)
 GET / 200 in 780ms (compile: 138ms, render: 642ms)
 GET /admin/login 200 in 341ms (compile: 11ms, proxy.ts: 64ms, render: 266ms)
 GET / 200 in 559ms (compile: 4ms, render: 555ms)
 GET /admin/login 200 in 303ms (compile: 29ms, proxy.ts: 4ms, render: 270ms)
 GET / 200 in 597ms (compile: 7ms, render: 590ms)
 GET /admin/login 200 in 318ms (compile: 9ms, proxy.ts: 4ms, render: 305ms)
 GET / 200 in 609ms (compile: 12ms, render: 597ms)
 GET /admin/login 200 in 377ms (compile: 27ms, proxy.ts: 4ms, render: 345ms)
 GET / 200 in 588ms (compile: 34ms, render: 554ms)
 GET /admin/login 200 in 391ms (compile: 8ms, proxy.ts: 4ms, render: 379ms)
 GET / 200 in 556ms (compile: 30ms, render: 526ms)
 GET /admin/login 200 in 388ms (compile: 59ms, proxy.ts: 8ms, render: 320ms)
 GET /admin/login 200 in 291ms (compile: 67ms, proxy.ts: 11ms, render: 213ms)
 GET / 200 in 401ms (compile: 10ms, render: 391ms)
 GET / 200 in 304ms (compile: 14ms, render: 289ms)
 GET / 200 in 196ms (compile: 6ms, render: 190ms)
 GET / 200 in 142ms (compile: 8ms, render: 134ms)
 GET / 200 in 78ms (compile: 6ms, render: 72ms)
✓ Compiled in 478ms
 GET /admin/login 200 in 860ms (compile: 167ms, proxy.ts: 11ms, render: 682ms)
 GET /admin/login 200 in 543ms (compile: 29ms, proxy.ts: 5ms, render: 510ms)
 GET /admin/login 200 in 302ms (compile: 41ms, proxy.ts: 10ms, render: 251ms)
 GET / 200 in 984ms (compile: 306ms, render: 678ms)
 GET /admin/login 200 in 258ms (compile: 47ms, proxy.ts: 4ms, render: 207ms)
 GET / 200 in 621ms (compile: 57ms, render: 564ms)
 GET /admin/login 200 in 220ms (compile: 11ms, proxy.ts: 38ms, render: 172ms)
 GET / 200 in 429ms (compile: 6ms, render: 423ms)
 GET /admin/login 200 in 228ms (compile: 8ms, proxy.ts: 6ms, render: 214ms)
 GET / 200 in 403ms (compile: 5ms, render: 398ms)
 GET / 200 in 405ms (compile: 7ms, render: 398ms)
 GET /admin/login 200 in 263ms (compile: 8ms, proxy.ts: 5ms, render: 250ms)
 GET / 200 in 460ms (compile: 26ms, render: 433ms)
 GET /admin/login 200 in 329ms (compile: 8ms, proxy.ts: 5ms, render: 316ms)
 GET /admin/login 200 in 334ms (compile: 49ms, proxy.ts: 6ms, render: 280ms)
 GET /admin/login 200 in 260ms (compile: 11ms, proxy.ts: 37ms, render: 211ms)
 GET /admin/login 200 in 160ms (compile: 59ms, proxy.ts: 5ms, render: 96ms)
 GET / 200 in 341ms (compile: 6ms, render: 334ms)
 GET / 200 in 271ms (compile: 6ms, render: 265ms)
 GET / 200 in 227ms (compile: 27ms, render: 201ms)
 GET / 200 in 160ms (compile: 10ms, render: 151ms)
 GET / 200 in 61ms (compile: 6ms, render: 56ms)
✓ Compiled in 37ms
 GET / 200 in 653ms (compile: 270ms, render: 383ms)
 GET / 200 in 262ms (compile: 6ms, render: 256ms)
 GET / 200 in 212ms (compile: 6ms, render: 206ms)
 GET / 200 in 159ms (compile: 5ms, render: 154ms)
 GET / 200 in 99ms (compile: 4ms, render: 96ms)
 GET / 200 in 58ms (compile: 3ms, render: 55ms)
 GET / 200 in 221ms (compile: 3ms, render: 218ms)
 GET / 200 in 178ms (compile: 3ms, render: 175ms)
 GET / 200 in 146ms (compile: 4ms, render: 142ms)
 GET / 200 in 108ms (compile: 3ms, render: 105ms)
 GET / 200 in 63ms (compile: 3ms, render: 59ms)
✓ Compiled in 24ms
 GET /contact 200 in 167ms (compile: 133ms, render: 34ms)
 GET / 200 in 793ms (compile: 5ms, render: 788ms)
✓ Compiled in 463ms
 GET /contact 200 in 31ms (compile: 6ms, render: 25ms)
 GET / 200 in 673ms (compile: 5ms, render: 668ms)
✓ Compiled in 31ms
✓ Compiled in 51ms
 GET /admin/login 200 in 611ms (compile: 185ms, proxy.ts: 8ms, render: 418ms)
 GET /admin/login 200 in 387ms (compile: 7ms, proxy.ts: 8ms, render: 373ms)
 GET /admin/login 200 in 402ms (compile: 5ms, proxy.ts: 5ms, render: 392ms)
 GET /admin/login 200 in 273ms (compile: 12ms, proxy.ts: 9ms, render: 251ms)
 GET /admin/login 200 in 220ms (compile: 10ms, proxy.ts: 6ms, render: 204ms)
 GET /admin/login 200 in 235ms (compile: 19ms, proxy.ts: 4ms, render: 212ms)
 GET /admin/login 200 in 206ms (compile: 12ms, proxy.ts: 7ms, render: 187ms)
 GET /admin/login 200 in 186ms (compile: 6ms, proxy.ts: 6ms, render: 173ms)
 GET /admin/login 200 in 148ms (compile: 8ms, proxy.ts: 8ms, render: 132ms)
 GET /admin/login 200 in 89ms (compile: 9ms, proxy.ts: 4ms, render: 76ms)
 GET /admin/login 200 in 52ms (compile: 18ms, proxy.ts: 4ms, render: 31ms)
 GET / 200 in 1000ms (compile: 5ms, render: 996ms)
 GET / 200 in 1640ms (compile: 243ms, render: 1397ms)
 GET / 200 in 1321ms (compile: 57ms, render: 1265ms)
 GET / 200 in 1223ms (compile: 10ms, render: 1214ms)
 GET / 200 in 1334ms (compile: 5ms, render: 1329ms)
 GET / 200 in 1118ms (compile: 34ms, render: 1084ms)
 GET / 200 in 1272ms (compile: 45ms, render: 1228ms)
 GET / 200 in 1118ms (compile: 102ms, render: 1016ms)
 GET / 200 in 994ms (compile: 16ms, render: 978ms)
 GET / 200 in 926ms (compile: 37ms, render: 889ms)
 GET / 200 in 726ms (compile: 52ms, render: 674ms)
 GET / 200 in 623ms (compile: 50ms, render: 573ms)
 GET / 200 in 524ms (compile: 26ms, render: 498ms)
 GET / 200 in 524ms (compile: 9ms, render: 515ms)
 GET / 200 in 480ms (compile: 7ms, render: 473ms)
 GET / 200 in 480ms (compile: 33ms, render: 447ms)
 GET / 200 in 404ms (compile: 10ms, render: 394ms)
 GET / 200 in 404ms (compile: 54ms, render: 350ms)
 GET / 200 in 288ms (compile: 15ms, render: 274ms)
 GET / 200 in 279ms (compile: 44ms, render: 235ms)
 GET / 200 in 185ms (compile: 17ms, render: 168ms)
 GET / 200 in 130ms (compile: 8ms, render: 122ms)
 GET / 200 in 87ms (compile: 19ms, render: 68ms)
 GET / 200 in 1057ms (compile: 422ms, render: 636ms)
 GET / 200 in 523ms (compile: 6ms, render: 517ms)
 GET / 200 in 562ms (compile: 57ms, render: 505ms)
 GET / 200 in 473ms (compile: 7ms, render: 466ms)
 GET / 200 in 591ms (compile: 41ms, render: 551ms)
 GET / 200 in 504ms (compile: 5ms, render: 499ms)
 GET / 200 in 546ms (compile: 6ms, render: 540ms)
 GET / 200 in 1226ms (compile: 5ms, render: 1221ms)
 GET / 200 in 1274ms (compile: 6ms, render: 1268ms)
 GET / 200 in 1292ms (compile: 7ms, render: 1286ms)
 GET / 200 in 1321ms (compile: 7ms, render: 1314ms)
 GET / 200 in 1366ms (compile: 5ms, render: 1361ms)
 GET / 200 in 1316ms (compile: 7ms, render: 1309ms)
 GET / 200 in 1272ms (compile: 6ms, render: 1265ms)
 GET / 200 in 1273ms (compile: 56ms, render: 1217ms)
 GET / 200 in 1150ms (compile: 10ms, render: 1140ms)
 GET / 200 in 1077ms (compile: 674ms, render: 402ms)
 GET / 200 in 355ms (compile: 23ms, render: 332ms)
 GET / 200 in 297ms (compile: 38ms, render: 259ms)
 GET / 200 in 212ms (compile: 11ms, render: 202ms)
 GET / 200 in 146ms (compile: 15ms, render: 131ms)
 GET / 200 in 83ms (compile: 6ms, render: 77ms)
✓ Compiled in 39ms
 GET /contact 200 in 272ms (compile: 215ms, render: 57ms)
 GET /contact 200 in 474ms (compile: 419ms, render: 55ms)
 GET / 200 in 351ms (compile: 56ms, render: 295ms)
 GET / 200 in 2.8s (compile: 32ms, render: 2.8s)
 GET /contact 200 in 33ms (compile: 5ms, render: 28ms)
 GET /contact 200 in 740ms (compile: 628ms, render: 112ms)
 GET /contact 200 in 718ms (compile: 677ms, render: 42ms)
✓ Compiled in 2.4s
 GET /contact 200 in 335ms (compile: 32ms, render: 303ms)
 GET /contact 200 in 104ms (compile: 9ms, render: 95ms)
 GET /contact 200 in 1483ms (compile: 800ms, render: 683ms)
 GET /contact 200 in 251ms (compile: 64ms, render: 187ms)
 GET /contact 200 in 591ms (compile: 80ms, render: 511ms)
 GET /contact 200 in 1500ms (compile: 773ms, render: 727ms)
 GET /contact 200 in 589ms (compile: 282ms, render: 307ms)
 GET /contact 200 in 70ms (compile: 13ms, render: 57ms)
 GET /contact 200 in 324ms (compile: 40ms, render: 285ms)
 GET /contact 200 in 328ms (compile: 4ms, render: 323ms)
 GET / 200 in 1931ms (compile: 268ms, render: 1664ms)
 GET /contact 200 in 30ms (compile: 5ms, render: 25ms)
 GET / 200 in 374ms (compile: 5ms, render: 369ms)
 GET /about 200 in 463ms (compile: 393ms, render: 70ms)
 GET /contact 200 in 44ms (compile: 5ms, render: 38ms)
 GET /about 200 in 30ms (compile: 4ms, render: 26ms)
 GET /about 200 in 62ms (compile: 5ms, render: 57ms)
 GET /about 200 in 61ms (compile: 8ms, render: 53ms)
 GET /contact 200 in 25ms (compile: 4ms, render: 21ms)
 GET /contact 200 in 505ms (compile: 350ms, render: 155ms)
 GET /contact 200 in 62ms (compile: 6ms, render: 56ms)
 GET /order-tracker/cmn748tr10000eah03tuwahgv 200 in 424ms (compile: 199ms, render: 226ms)
 GET /order-tracker/cmn748tr10000eah03tuwahgv 200 in 654ms (compile: 5ms, render: 649ms)
 GET /api/orders/cmn748tr10000eah03tuwahgv 200 in 1796ms (compile: 56ms, render: 1740ms)
 GET /order-tracker/cmn748tr10000eah03tuwahgv 200 in 1170ms (compile: 7ms, render: 1162ms)
 GET /order-tracker/cmn748tr10000eah03tuwahgv 200 in 613ms (compile: 144ms, render: 469ms)
 GET /order-tracker/cmn748tr10000eah03tuwahgv 200 in 1515ms (compile: 7ms, render: 1508ms)
 GET /api/orders/cmn748tr10000eah03tuwahgv 200 in 147ms (compile: 17ms, render: 130ms)
 GET / 200 in 275ms (compile: 5ms, render: 270ms)
✓ Compiled in 19ms
 GET /contact 200 in 302ms (compile: 215ms, render: 87ms)
 GET /menu 200 in 1365ms (compile: 142ms, render: 1223ms)
 GET /uploads/1774456361277-1000015717.webp 404 in 599ms (compile: 362ms, render: 237ms)
 GET /uploads/1774509964248-1000015717.webp 404 in 609ms (compile: 410ms, render: 198ms)
✓ Compiled in 266ms
 GET /menu 200 in 691ms (compile: 11ms, render: 680ms)
 GET /contact 200 in 213ms (compile: 135ms, render: 77ms)
 GET /contact 200 in 28ms (compile: 3ms, render: 25ms)
 GET /menu 200 in 261ms (compile: 163ms, render: 98ms)
